\BOOKMARK [1][-]{section.1}{Signatures}{}% 1
\BOOKMARK [1][-]{section.2}{Introduction}{}% 2
\BOOKMARK [2][-]{subsection.2.1}{Purpose}{section.2}% 3
\BOOKMARK [2][-]{subsection.2.2}{Purpose}{section.2}% 4
\BOOKMARK [2][-]{subsection.2.3}{Overview}{section.2}% 5
\BOOKMARK [1][-]{section.3}{Definitions}{}% 6
\BOOKMARK [1][-]{section.4}{Context View}{}% 7
\BOOKMARK [2][-]{subsection.4.1}{Program Design}{section.4}% 8
\BOOKMARK [3][-]{subsubsection.4.1.1}{Design Concern}{subsection.4.1}% 9
\BOOKMARK [3][-]{subsubsection.4.1.2}{Design Elements}{subsection.4.1}% 10
\BOOKMARK [1][-]{section.5}{Composition View}{}% 11
\BOOKMARK [2][-]{subsection.5.1}{Hardware Configuration Design}{section.5}% 12
\BOOKMARK [3][-]{subsubsection.5.1.1}{Design Concerns}{subsection.5.1}% 13
\BOOKMARK [3][-]{subsubsection.5.1.2}{Design Elements}{subsection.5.1}% 14
\BOOKMARK [1][-]{section.6}{Dependency View}{}% 15
\BOOKMARK [2][-]{subsection.6.1}{Dependency Design}{section.6}% 16
\BOOKMARK [3][-]{subsubsection.6.1.1}{Design Concern}{subsection.6.1}% 17
\BOOKMARK [3][-]{subsubsection.6.1.2}{Design Elements}{subsection.6.1}% 18
\BOOKMARK [3][-]{subsubsection.6.1.3}{Dependency Attributes}{subsection.6.1}% 19
\BOOKMARK [3][-]{subsubsection.6.1.4}{Design Rationale}{subsection.6.1}% 20
\BOOKMARK [1][-]{section.7}{Interface View}{}% 21
\BOOKMARK [2][-]{subsection.7.1}{Software User Interface Design}{section.7}% 22
\BOOKMARK [3][-]{subsubsection.7.1.1}{Design Concerns}{subsection.7.1}% 23
\BOOKMARK [3][-]{subsubsection.7.1.2}{Design Elements}{subsection.7.1}% 24
\BOOKMARK [3][-]{subsubsection.7.1.3}{Design Rationale}{subsection.7.1}% 25
\BOOKMARK [2][-]{subsection.7.2}{Physical User Interface Design}{section.7}% 26
\BOOKMARK [3][-]{subsubsection.7.2.1}{Design Concern}{subsection.7.2}% 27
\BOOKMARK [3][-]{subsubsection.7.2.2}{Design Elements}{subsection.7.2}% 28
\BOOKMARK [3][-]{subsubsection.7.2.3}{Design Rationale}{subsection.7.2}% 29
\BOOKMARK [1][-]{section.8}{Interaction View}{}% 30
\BOOKMARK [2][-]{subsubsection.8.0.1}{Hardware Communication Design}{section.8}% 31
\BOOKMARK [3][-]{subsubsection.8.0.2}{Design Concerns}{subsubsection.8.0.1}% 32
\BOOKMARK [3][-]{subsubsection.8.0.3}{Design Elements}{subsubsection.8.0.1}% 33
\BOOKMARK [3][-]{subsubsection.8.0.4}{Design Constraints}{subsubsection.8.0.1}% 34
\BOOKMARK [1][-]{section.9}{Algorithm View}{}% 35
\BOOKMARK [2][-]{subsection.9.1}{Statistical Analysis Method for Initial Alignment Offset Design}{section.9}% 36
\BOOKMARK [3][-]{subsubsection.9.1.1}{Design Concerns}{subsection.9.1}% 37
\BOOKMARK [3][-]{subsubsection.9.1.2}{Design Elements}{subsection.9.1}% 38
\BOOKMARK [3][-]{subsubsection.9.1.3}{Design Rationale}{subsection.9.1}% 39
\BOOKMARK [2][-]{subsection.9.2}{Statistical Analysis Method For Dynamic Offset Design}{section.9}% 40
\BOOKMARK [3][-]{subsubsection.9.2.1}{Design Concerns}{subsection.9.2}% 41
\BOOKMARK [3][-]{subsubsection.9.2.2}{Design Elements}{subsection.9.2}% 42
\BOOKMARK [3][-]{subsubsection.9.2.3}{Design Rationale}{subsection.9.2}% 43
\BOOKMARK [2][-]{subsection.9.3}{Offset Algorithm Design}{section.9}% 44
\BOOKMARK [3][-]{subsubsection.9.3.1}{Design Concerns}{subsection.9.3}% 45
\BOOKMARK [3][-]{subsubsection.9.3.2}{Design Elements}{subsection.9.3}% 46
\BOOKMARK [3][-]{subsubsection.9.3.3}{Design Rationale}{subsection.9.3}% 47
\BOOKMARK [1][-]{section.10}{Conclusion}{}% 48
\BOOKMARK [1][-]{section*.1}{References}{}% 49
