\BOOKMARK [1][-]{section.1}{Timeline for Project Plan}{}% 1
\BOOKMARK [1][-]{section.2}{Introduction}{}% 2
\BOOKMARK [2][-]{subsection.2.1}{Purpose}{section.2}% 3
\BOOKMARK [2][-]{subsection.2.2}{Scope}{section.2}% 4
\BOOKMARK [2][-]{subsection.2.3}{Definitions, Acronyms, and Abbreviations}{section.2}% 5
\BOOKMARK [2][-]{subsection.2.4}{Overview}{section.2}% 6
\BOOKMARK [1][-]{section.3}{Overall Description}{}% 7
\BOOKMARK [2][-]{subsection.3.1}{Product Perspective}{section.3}% 8
\BOOKMARK [2][-]{subsection.3.2}{Product Functions}{section.3}% 9
\BOOKMARK [2][-]{subsection.3.3}{User Characteristics}{section.3}% 10
\BOOKMARK [2][-]{subsection.3.4}{Constraints}{section.3}% 11
\BOOKMARK [2][-]{subsection.3.5}{Assumption and Dependencies}{section.3}% 12
\BOOKMARK [1][-]{section.4}{Specific Requirements}{}% 13
\BOOKMARK [2][-]{subsection.4.1}{External Interface Requirements}{section.4}% 14
\BOOKMARK [3][-]{subsubsection.4.1.1}{User Interface}{subsection.4.1}% 15
\BOOKMARK [3][-]{subsubsection.4.1.2}{Hardware Interface}{subsection.4.1}% 16
\BOOKMARK [3][-]{subsubsection.4.1.3}{Software Interface}{subsection.4.1}% 17
\BOOKMARK [3][-]{subsubsection.4.1.4}{Communication Interface}{subsection.4.1}% 18
\BOOKMARK [2][-]{subsection.4.2}{Functional Requirements}{section.4}% 19
\BOOKMARK [3][-]{subsubsection.4.2.1}{Sensors}{subsection.4.2}% 20
\BOOKMARK [3][-]{subsubsection.4.2.2}{Algorithm}{subsection.4.2}% 21
\BOOKMARK [3][-]{subsubsection.4.2.3}{Statistics}{subsection.4.2}% 22
\BOOKMARK [3][-]{subsubsection.4.2.4}{Simulation}{subsection.4.2}% 23
\BOOKMARK [2][-]{subsection.4.3}{Performance Requirements}{section.4}% 24
\BOOKMARK [2][-]{subsection.4.4}{Design Constraints}{section.4}% 25
\BOOKMARK [2][-]{subsection.4.5}{Software System Attributes}{section.4}% 26
\BOOKMARK [3][-]{subsubsection.4.5.1}{Reliability}{subsection.4.5}% 27
\BOOKMARK [3][-]{subsubsection.4.5.2}{Availability}{subsection.4.5}% 28
\BOOKMARK [3][-]{subsubsection.4.5.3}{Security}{subsection.4.5}% 29
\BOOKMARK [3][-]{subsubsection.4.5.4}{Maintainability}{subsection.4.5}% 30
\BOOKMARK [3][-]{subsubsection.4.5.5}{Portability}{subsection.4.5}% 31
\BOOKMARK [1][-]{section.5}{Signatures}{}% 32
