\BOOKMARK [1][-]{section.1}{Introduction}{}% 1
\BOOKMARK [1][-]{section.2}{Technologies}{}% 2
\BOOKMARK [2][-]{subsection.2.1}{Hardware selection of Microcontroller}{section.2}% 3
\BOOKMARK [3][-]{subsubsection.2.1.1}{Context}{subsection.2.1}% 4
\BOOKMARK [3][-]{subsubsection.2.1.2}{Options}{subsection.2.1}% 5
\BOOKMARK [3][-]{subsubsection.2.1.3}{Criteria}{subsection.2.1}% 6
\BOOKMARK [3][-]{subsubsection.2.1.4}{Table of Detailed Comparison}{subsection.2.1}% 7
\BOOKMARK [3][-]{subsubsection.2.1.5}{Overall Discussion}{subsection.2.1}% 8
\BOOKMARK [2][-]{subsection.2.2}{Hardware selection of Represented MEMS IMU}{section.2}% 9
\BOOKMARK [3][-]{subsubsection.2.2.1}{Context}{subsection.2.2}% 10
\BOOKMARK [3][-]{subsubsection.2.2.2}{Options}{subsection.2.2}% 11
\BOOKMARK [3][-]{subsubsection.2.2.3}{Criteria}{subsection.2.2}% 12
\BOOKMARK [3][-]{subsubsection.2.2.4}{Table of Detailed Comparison}{subsection.2.2}% 13
\BOOKMARK [3][-]{subsubsection.2.2.5}{Overall Discussion}{subsection.2.2}% 14
\BOOKMARK [2][-]{subsection.2.3}{Hardware selection of Communication Protocol Type}{section.2}% 15
\BOOKMARK [3][-]{subsubsection.2.3.1}{Context}{subsection.2.3}% 16
\BOOKMARK [3][-]{subsubsection.2.3.2}{Options}{subsection.2.3}% 17
\BOOKMARK [3][-]{subsubsection.2.3.3}{Criteria}{subsection.2.3}% 18
\BOOKMARK [3][-]{subsubsection.2.3.4}{Table of Detailed Comparison}{subsection.2.3}% 19
\BOOKMARK [3][-]{subsubsection.2.3.5}{Overall Discussion}{subsection.2.3}% 20
\BOOKMARK [2][-]{subsection.2.4}{User Interface Toolkit}{section.2}% 21
\BOOKMARK [3][-]{subsubsection.2.4.1}{Context}{subsection.2.4}% 22
\BOOKMARK [3][-]{subsubsection.2.4.2}{Options}{subsection.2.4}% 23
\BOOKMARK [3][-]{subsubsection.2.4.3}{Criteria}{subsection.2.4}% 24
\BOOKMARK [3][-]{subsubsection.2.4.4}{Table of Detailed Comparison}{subsection.2.4}% 25
\BOOKMARK [3][-]{subsubsection.2.4.5}{Overall Discussion}{subsection.2.4}% 26
\BOOKMARK [2][-]{subsection.2.5}{Programming Language}{section.2}% 27
\BOOKMARK [3][-]{subsubsection.2.5.1}{Context}{subsection.2.5}% 28
\BOOKMARK [3][-]{subsubsection.2.5.2}{Options}{subsection.2.5}% 29
\BOOKMARK [3][-]{subsubsection.2.5.3}{Criteria}{subsection.2.5}% 30
\BOOKMARK [3][-]{subsubsection.2.5.4}{Table of Detailed Comparison}{subsection.2.5}% 31
\BOOKMARK [3][-]{subsubsection.2.5.5}{Overall Discussion}{subsection.2.5}% 32
\BOOKMARK [2][-]{subsection.2.6}{Statistical Analysis Method}{section.2}% 33
\BOOKMARK [3][-]{subsubsection.2.6.1}{Context}{subsection.2.6}% 34
\BOOKMARK [3][-]{subsubsection.2.6.2}{Options}{subsection.2.6}% 35
\BOOKMARK [3][-]{subsubsection.2.6.3}{Criteria}{subsection.2.6}% 36
\BOOKMARK [3][-]{subsubsection.2.6.4}{Table of Detailed Comparison}{subsection.2.6}% 37
\BOOKMARK [3][-]{subsubsection.2.6.5}{Overall Discussion}{subsection.2.6}% 38
\BOOKMARK [1][-]{section.3}{Conclusion}{}% 39
\BOOKMARK [1][-]{section*.1}{References}{}% 40
