\BOOKMARK [1][-]{section.1}{Introduction}{}% 1
\BOOKMARK [1][-]{section.2}{Original Requirements Document}{}% 2
\BOOKMARK [1][-]{section.3}{Change since Original Requirement Document}{}% 3
\BOOKMARK [1][-]{section.4}{Original Design Document}{}% 4
\BOOKMARK [2][-]{subsection.4.1}{Necessary Change Based on Original Design}{section.4}% 5
\BOOKMARK [3][-]{subsubsection.4.1.1}{Change in IV.COMSITION VIEW}{subsection.4.1}% 6
\BOOKMARK [3][-]{subsubsection.4.1.2}{Change In VI.INTERFACE VIEW}{subsection.4.1}% 7
\BOOKMARK [3][-]{subsubsection.4.1.3}{Change In VIII Algorithm View}{subsection.4.1}% 8
\BOOKMARK [1][-]{section.5}{Original Tech Review}{}% 9
\BOOKMARK [2][-]{subsection.5.1}{Necessary Change Based on Original Technology}{section.5}% 10
\BOOKMARK [3][-]{subsubsection.5.1.1}{Change in D.User Interface Toolkit}{subsection.5.1}% 11
\BOOKMARK [3][-]{subsubsection.5.1.2}{Change in F.Statistical Analysis Method}{subsection.5.1}% 12
\BOOKMARK [1][-]{section.6}{Weekly blog post}{}% 13
\BOOKMARK [2][-]{subsection.6.1}{Fall 2016}{section.6}% 14
\BOOKMARK [3][-]{subsubsection.6.1.1}{Jiongcheng Luo \(Fall 2016\)}{subsection.6.1}% 15
\BOOKMARK [3][-]{subsubsection.6.1.2}{Drew Hamm \(Fall 2016\)}{subsection.6.1}% 16
\BOOKMARK [3][-]{subsubsection.6.1.3}{Krisna Irawan \(Fall 2016\)}{subsection.6.1}% 17
\BOOKMARK [2][-]{subsection.6.2}{Winter 2016}{section.6}% 18
\BOOKMARK [3][-]{subsubsection.6.2.1}{Jiongcheng Luo \(Winter 2016\)}{subsection.6.2}% 19
\BOOKMARK [3][-]{subsubsection.6.2.2}{Drew Hamm \(Winter 2016\)}{subsection.6.2}% 20
\BOOKMARK [3][-]{subsubsection.6.2.3}{Krisna Irawan \(Winter 2016\)}{subsection.6.2}% 21
\BOOKMARK [2][-]{subsection.6.3}{Spring 2016}{section.6}% 22
\BOOKMARK [3][-]{subsubsection.6.3.1}{Jiongcheng Luo \(Spring 2016\)}{subsection.6.3}% 23
\BOOKMARK [3][-]{subsubsection.6.3.2}{Drew Hamm \(Spring 2016\)}{subsection.6.3}% 24
\BOOKMARK [3][-]{subsubsection.6.3.3}{Krisna Irawan \(Spring 2016\)}{subsection.6.3}% 25
\BOOKMARK [1][-]{section.7}{Final Poster}{}% 26
\BOOKMARK [1][-]{section.8}{Project Documentation}{}% 27
\BOOKMARK [1][-]{section.9}{How did we learn new Technology}{}% 28
\BOOKMARK [1][-]{section.10}{What did we learn from all this?}{}% 29
\BOOKMARK [2][-]{subsection.10.1}{Jiongcheng Luo}{section.10}% 30
\BOOKMARK [2][-]{subsection.10.2}{Drew Hamm}{section.10}% 31
\BOOKMARK [2][-]{subsection.10.3}{Krisna Irawan}{section.10}% 32
\BOOKMARK [1][-]{section.11}{Appendix \(Source Code\)}{}% 33
\BOOKMARK [2][-]{subsection.11.1}{Note for source code}{section.11}% 34
